

times in msec
 clock   self+sourced   self:  sourced script
 clock   elapsed:              other lines

000.005  000.005: --- NVIM STARTING ---
000.072  000.067: event init
000.166  000.094: early init
000.450  000.284: locale set
000.487  000.036: init first window
000.734  000.247: inits 1
000.750  000.016: window checked
000.751  000.002: parsing arguments
001.116  000.046  000.046: require('vim.shared')
001.203  000.031  000.031: require('vim._options')
001.204  000.085  000.053: require('vim._editor')
001.206  000.177  000.046: require('vim._init_packages')
001.207  000.279: init lua interpreter
002.631  001.424: expanding arguments
002.646  000.015: inits 2
002.874  000.228: init highlight
002.875  000.001: waiting for UI
003.071  000.195: done waiting for UI
003.088  000.017: clear screen
003.233  000.145: init default mappings & autocommands
003.753  000.056  000.056: sourcing /opt/homebrew/Cellar/neovim/0.9.5/share/nvim/runtime/ftplugin.vim
003.839  000.024  000.024: sourcing /opt/homebrew/Cellar/neovim/0.9.5/share/nvim/runtime/indent.vim
004.688  000.515  000.515: require('lazy')
004.712  000.013  000.013: require('ffi')
004.738  000.025  000.025: require('vim.loader')
004.835  000.030  000.030: require('vim.fs')
004.989  000.234  000.204: require('lazy.stats')
005.272  000.246  000.246: require('lazy.core.util')
005.468  000.194  000.194: require('lazy.core.config')
005.673  000.092  000.092: require('lazy.core.handler')
006.106  000.210  000.210: require('lazy.pkg')
006.109  000.293  000.083: require('lazy.core.meta')
006.115  000.440  000.147: require('lazy.core.plugin')
006.119  000.650  000.117: require('lazy.core.loader')
006.310  000.075  000.075: require('lazy.core.fragments')
006.812  000.146  000.146: require('lazy.core.handler.event')
006.814  000.232  000.086: require('lazy.core.handler.ft')
006.914  000.096  000.096: require('lazy.core.handler.cmd')
007.046  000.130  000.130: require('lazy.core.handler.keys')
007.407  000.275  000.275: sourcing /opt/homebrew/Cellar/neovim/0.9.5/share/nvim/runtime/filetype.lua
007.654  000.060  000.060: sourcing /Users/jack/.local/share/nvim/lazy/fzf-lua/plugin/fzf-lua.lua
007.709  000.007  000.007: sourcing /Users/jack/.local/share/nvim/lazy/fzf-lua/plugin/fzf-lua.vim
008.556  000.017  000.017: require('vim.keymap')
008.639  000.400  000.383: sourcing /Users/jack/.local/share/nvim/lazy/telescope.nvim/plugin/telescope.lua
008.911  000.031  000.031: sourcing /Users/jack/.local/share/nvim/lazy/nvim-web-devicons/plugin/nvim-web-devicons.vim
009.275  000.100  000.100: sourcing /Users/jack/.local/share/nvim/lazy/vim-commentary/plugin/commentary.vim
010.196  000.714  000.714: sourcing /Users/jack/.local/share/nvim/lazy/vim-fugitive/plugin/fugitive.vim
010.286  000.007  000.007: sourcing /Users/jack/.local/share/nvim/lazy/vim-fugitive/ftdetect/fugitive.vim
010.529  000.110  000.110: sourcing /opt/homebrew/Cellar/neovim/0.9.5/share/nvim/runtime/plugin/editorconfig.lua
010.741  000.117  000.117: sourcing /opt/homebrew/Cellar/neovim/0.9.5/share/nvim/runtime/plugin/gzip.vim
010.801  000.006  000.006: sourcing /opt/homebrew/Cellar/neovim/0.9.5/share/nvim/runtime/plugin/health.vim
010.904  000.056  000.056: sourcing /opt/homebrew/Cellar/neovim/0.9.5/share/nvim/runtime/plugin/man.lua
011.648  000.142  000.142: sourcing /opt/homebrew/Cellar/neovim/0.9.5/share/nvim/runtime/pack/dist/opt/matchit/plugin/matchit.vim
011.750  000.797  000.655: sourcing /opt/homebrew/Cellar/neovim/0.9.5/share/nvim/runtime/plugin/matchit.vim
011.914  000.110  000.110: sourcing /opt/homebrew/Cellar/neovim/0.9.5/share/nvim/runtime/plugin/matchparen.vim
012.184  000.220  000.220: sourcing /opt/homebrew/Cellar/neovim/0.9.5/share/nvim/runtime/plugin/netrwPlugin.vim
012.292  000.047  000.047: sourcing /opt/homebrew/Cellar/neovim/0.9.5/share/nvim/runtime/plugin/nvim.lua
012.448  000.099  000.099: sourcing /opt/homebrew/Cellar/neovim/0.9.5/share/nvim/runtime/plugin/rplugin.vim
012.552  000.045  000.045: sourcing /opt/homebrew/Cellar/neovim/0.9.5/share/nvim/runtime/plugin/shada.vim
012.620  000.012  000.012: sourcing /opt/homebrew/Cellar/neovim/0.9.5/share/nvim/runtime/plugin/spellfile.vim
012.783  000.071  000.071: sourcing /opt/homebrew/Cellar/neovim/0.9.5/share/nvim/runtime/plugin/tarPlugin.vim
012.941  000.081  000.081: sourcing /opt/homebrew/Cellar/neovim/0.9.5/share/nvim/runtime/plugin/tohtml.vim
013.064  000.010  000.010: sourcing /opt/homebrew/Cellar/neovim/0.9.5/share/nvim/runtime/plugin/tutor.vim
013.208  000.087  000.087: sourcing /opt/homebrew/Cellar/neovim/0.9.5/share/nvim/runtime/plugin/zipPlugin.vim
013.376  009.375  003.503: require('plugins')
013.674  000.297  000.297: require('options')
014.700  000.728  000.728: require('telescope.builtin')
014.811  001.135  000.407: require('keymaps')
015.730  000.248  000.248: require('gruvbox')
015.990  000.258  000.258: require('vim.version')
017.701  002.281  001.775: sourcing /Users/jack/.local/share/nvim/lazy/gruvbox.nvim/colors/gruvbox.lua
017.711  002.899  000.617: require('styles')
017.712  013.734  000.028: sourcing /Users/jack/.config/nvim/init.lua
017.717  000.670: sourcing vimrc file(s)
017.845  000.034  000.034: sourcing /opt/homebrew/Cellar/neovim/0.9.5/share/nvim/runtime/filetype.lua
018.073  000.059  000.059: sourcing /opt/homebrew/Cellar/neovim/0.9.5/share/nvim/runtime/syntax/synload.vim
018.125  000.199  000.140: sourcing /opt/homebrew/Cellar/neovim/0.9.5/share/nvim/runtime/syntax/syntax.vim
018.133  000.183: inits 3
020.674  002.541: reading ShaDa
020.774  000.100: opening buffers
020.784  000.010: BufEnter autocommands
020.786  000.002: editing files in windows
020.850  000.064: VimEnter autocommands
020.882  000.032: UIEnter autocommands
020.883  000.001: before starting main loop
021.172  000.289: first screen update
021.172  000.001: --- NVIM STARTED ---


times in msec
 clock   self+sourced   self:  sourced script
 clock   elapsed:              other lines

000.008  000.008: --- NVIM STARTING ---
000.117  000.109: event init
000.266  000.150: early init
000.742  000.476: locale set
000.797  000.055: init first window
001.191  000.394: inits 1
001.199  000.008: window checked
001.201  000.002: parsing arguments
001.693  000.057  000.057: require('vim.shared')
001.793  000.036  000.036: require('vim._options')
001.795  000.099  000.063: require('vim._editor')
001.796  000.217  000.061: require('vim._init_packages')
001.799  000.381: init lua interpreter
002.282  000.483: expanding arguments
002.304  000.022: inits 2
002.580  000.277: init highlight
