

times in msec
 clock   self+sourced   self:  sourced script
 clock   elapsed:              other lines

000.018  000.018: --- NVIM STARTING ---
000.182  000.164: event init
000.320  000.137: early init
000.518  000.198: locale set
000.593  000.075: init first window
001.091  000.499: inits 1
001.117  000.026: window checked
001.124  000.007: parsing arguments
002.278  000.463  000.463: require('vim.shared')
003.292  000.406  000.406: require('vim._meta')
003.297  001.012  000.607: require('vim._editor')
003.299  001.607  000.131: require('vim._init_packages')
003.304  000.574: init lua interpreter
003.867  000.563: expanding arguments
003.977  000.110: inits 2
004.394  000.417: init highlight
004.397  000.003: waiting for UI
006.094  001.697: done waiting for UI
006.145  000.051: init screen for UI
006.443  000.298: init default mappings
006.468  000.025: init default autocommands
007.901  000.127  000.127: sourcing /usr/local/share/nvim/runtime/ftplugin.vim
008.142  000.065  000.065: sourcing /usr/local/share/nvim/runtime/indent.vim
013.219  004.901  004.901: require('impatient')
013.647  000.088  000.088: require('packer.util')
013.687  000.266  000.178: require('packer')
014.101  000.409  000.409: require('packer.log')
014.306  000.080  000.080: require('packer.async')
014.494  000.082  000.082: require('packer.result')
014.501  000.188  000.106: require('packer.jobs')
014.508  000.374  000.106: require('packer.plugin_utils')
014.641  000.089  000.089: require('packer.snapshot')
015.039  001.813  000.675: require('plugins')
015.716  000.244  000.244: require('neo-tree.log')
015.753  000.030  000.030: require('ffi')
015.796  000.476  000.201: require('neo-tree.utils')
016.335  000.094  000.094: require('nui.object')
016.608  000.078  000.078: require('vim.keymap')
016.627  000.190  000.112: require('nui.utils')
016.640  000.289  000.099: require('nui.text')
016.654  000.536  000.153: require('nui.line')
016.964  000.136  000.136: require('nui.tree.util')
016.989  000.332  000.195: require('nui.tree')
017.346  000.212  000.212: require('nui.utils.buf_storage')
017.547  000.194  000.194: require('nui.utils.autocmd')
017.752  000.199  000.199: require('nui.utils.keymap')
018.002  000.125  000.125: require('nui.layout.utils')
018.011  000.253  000.128: require('nui.split.utils')
018.058  001.066  000.209: require('nui.split')
018.510  000.222  000.222: require('nui.popup.border')
018.536  000.472  000.251: require('nui.popup')
018.657  000.117  000.117: require('neo-tree.ui.highlights')
018.902  000.127  000.127: require('nui.input')
018.916  000.252  000.125: require('neo-tree.ui.popups')
019.129  000.093  000.093: require('neo-tree.events.queue')
019.141  000.222  000.129: require('neo-tree.events')
019.161  003.361  000.364: require('neo-tree.ui.renderer')
019.682  000.078  000.078: require('plenary.functional')
019.698  000.206  000.128: require('plenary.job')
019.703  000.296  000.090: require('neo-tree.sources.filesystem.lib.filter_external')
019.978  000.112  000.112: require('plenary.iterators')
020.197  000.085  000.085: require('plenary.bit')
020.237  000.252  000.167: require('plenary.path')
020.243  000.450  000.086: require('neo-tree.sources.common.file-nesting')
020.721  000.069  000.069: require('neo-tree.git.utils')
020.729  000.324  000.254: require('neo-tree.git.status')
020.809  000.069  000.069: require('neo-tree.git.ignored')
020.816  000.569  000.176: require('neo-tree.git')
020.820  001.114  000.096: require('neo-tree.sources.common.file-items')
020.921  000.098  000.098: require('neo-tree.sources.filesystem.lib.fs_watch')
021.334  000.069  000.069: require('plenary.tbl')
021.351  000.166  000.097: require('plenary.vararg.rotate')
021.355  000.274  000.108: require('plenary.vararg')
021.431  000.073  000.073: require('plenary.errors')
021.439  000.432  000.084: require('plenary.async.async')
021.785  000.071  000.071: require('plenary.async.structs')
021.822  000.188  000.118: require('plenary.async.control')
021.845  000.331  000.143: require('plenary.async.util')
021.850  000.407  000.076: require('plenary.async.tests')
021.854  000.927  000.088: require('plenary.async')
021.861  002.577  000.143: require('neo-tree.sources.filesystem.lib.fs_scan')
021.959  000.095  000.095: require('neo-tree.ui.inputs')
021.979  002.814  000.142: require('neo-tree.sources.manager')
022.295  000.185  000.185: require('neo-tree.defaults')
022.434  000.132  000.132: require('neo-tree.setup.mapping-helper')
022.728  000.100  000.100: require('neo-tree.command.parser')
022.828  000.093  000.093: require('neo-tree.command.completion')
022.836  000.300  000.107: require('neo-tree.command')
022.840  000.398  000.098: require('neo-tree.setup.netrw')
022.851  000.869  000.154: require('neo-tree.setup')
022.862  007.632  000.113: require('neo-tree')
023.852  000.118  000.118: require('neo-tree.setup.deprecations')
025.686  000.112  000.112: require('neo-tree.sources.filesystem.lib.globtopattern')
025.699  000.345  000.233: require('neo-tree.sources.filesystem')
026.017  000.103  000.103: require('neo-tree.sources.buffers.lib.items')
026.035  000.327  000.223: require('neo-tree.sources.buffers')
026.246  000.091  000.091: require('neo-tree.sources.git_status.lib.items')
026.255  000.211  000.120: require('neo-tree.sources.git_status')
026.653  000.393  000.393: require('vim.inspect')
027.172  000.128  000.128: require('neo-tree.sources.common.container')
027.184  000.251  000.123: require('neo-tree.sources.common.components')
027.246  000.416  000.164: require('neo-tree.sources.buffers.components')
028.780  000.552  000.552: require('plenary.scandir')
028.898  000.112  000.112: require('plenary')
028.915  000.967  000.302: require('neo-tree.sources.filesystem.lib.fs_actions')
029.057  000.137  000.137: require('neo-tree.sources.common.help')
029.161  000.098  000.098: require('neo-tree.sources.common.preview')
029.178  001.452  000.250: require('neo-tree.sources.common.commands')
029.285  002.031  000.578: require('neo-tree.sources.buffers.commands')
029.542  000.102  000.102: require('neo-tree.sources.filesystem.components')
029.711  000.079  000.079: require('neo-tree.sources.filesystem.lib.filter')
029.751  000.201  000.123: require('neo-tree.sources.filesystem.commands')
030.038  000.097  000.097: require('neo-tree.sources.git_status.components')
030.146  000.101  000.101: require('neo-tree.sources.git_status.commands')
031.916  016.869  004.895: require('plugins.configs.neo-tree')
032.206  000.074  000.074: require('lualine_require')
032.621  000.577  000.503: require('lualine')
040.438  000.112  000.112: require('lualine.utils.mode')
042.613  010.692  010.003: require('plugins.configs.lualine')
042.872  000.252  000.252: require('settings/keymaps')
043.229  000.351  000.351: require('settings/options')
044.373  000.880  000.880: sourcing /usr/home/jack/.local/share/nvim/site/pack/packer/start/vim-monokai/colors/monokai.vim
047.057  003.822  002.941: require('settings/styles')
047.063  038.821  000.122: sourcing /usr/home/jack/.config/nvim/init.lua
047.078  001.597: sourcing vimrc file(s)
047.756  000.441  000.441: sourcing /usr/local/share/nvim/runtime/filetype.lua
047.889  000.088  000.088: sourcing /usr/local/share/nvim/runtime/filetype.vim
048.315  000.142  000.142: sourcing /usr/local/share/nvim/runtime/syntax/synload.vim
048.474  000.493  000.351: sourcing /usr/local/share/nvim/runtime/syntax/syntax.vim
049.053  000.043  000.043: require('vim.F')
050.110  000.258  000.258: sourcing /usr/local/share/nvim/runtime/plugin/gzip.vim
050.183  000.038  000.038: sourcing /usr/local/share/nvim/runtime/plugin/health.vim
051.073  000.277  000.277: sourcing /usr/local/share/nvim/runtime/pack/dist/opt/matchit/plugin/matchit.vim
051.259  001.045  000.769: sourcing /usr/local/share/nvim/runtime/plugin/matchit.vim
051.566  000.276  000.276: sourcing /usr/local/share/nvim/runtime/plugin/matchparen.vim
052.127  000.527  000.527: sourcing /usr/local/share/nvim/runtime/plugin/netrwPlugin.vim
052.473  000.035  000.035: sourcing /usr/home/jack/.local/share/nvim/rplugin.vim
052.490  000.316  000.282: sourcing /usr/local/share/nvim/runtime/plugin/rplugin.vim
052.637  000.112  000.112: sourcing /usr/local/share/nvim/runtime/plugin/shada.vim
052.740  000.047  000.047: sourcing /usr/local/share/nvim/runtime/plugin/spellfile.vim
052.969  000.193  000.193: sourcing /usr/local/share/nvim/runtime/plugin/tarPlugin.vim
053.161  000.133  000.133: sourcing /usr/local/share/nvim/runtime/plugin/tohtml.vim
053.250  000.045  000.045: sourcing /usr/local/share/nvim/runtime/plugin/tutor.vim
053.527  000.233  000.233: sourcing /usr/local/share/nvim/runtime/plugin/zipPlugin.vim
053.954  000.071  000.071: sourcing /usr/local/share/nvim/runtime/plugin/man.lua
053.982  002.545: loading rtp plugins
054.789  000.153  000.153: sourcing /usr/home/jack/.local/share/nvim/site/pack/packer/start/neo-tree.nvim/plugin/neo-tree.vim
055.260  000.065  000.065: sourcing /usr/home/jack/.local/share/nvim/site/pack/packer/start/nvim-web-devicons/plugin/nvim-web-devicons.vim
055.721  000.059  000.059: sourcing /usr/home/jack/.local/share/nvim/site/pack/packer/start/plenary.nvim/plugin/plenary.vim
056.594  000.372  000.372: sourcing /usr/home/jack/.local/share/nvim/site/pack/packer/start/telescope.nvim/plugin/telescope.lua
057.045  000.224  000.224: sourcing /usr/home/jack/.local/share/nvim/site/pack/packer/start/vim-commentary/plugin/commentary.vim
058.035  000.566  000.566: sourcing /usr/home/jack/.local/share/nvim/site/pack/packer/start/vim-surround/plugin/surround.vim
058.371  002.951: loading packages
059.524  001.153: loading after plugins
059.545  000.021: inits 3
062.746  003.201: reading ShaDa
063.134  000.388: opening buffers
063.542  000.407: BufEnter autocommands
063.549  000.007: editing files in windows
063.684  000.135: VimEnter autocommands
063.688  000.004: UIEnter autocommands
063.690  000.002: before starting main loop
064.982  001.291: first screen update
064.987  000.005: --- NVIM STARTED ---
